<?xml version="1.0" encoding="UTF-8"?>
<testng-results ignored="0" total="1" passed="1" failed="0" skipped="0">
  <reporter-output>
  </reporter-output>
  <suite started-at="2022-03-06T21:57:00 BDT" name="Default suite" finished-at="2022-03-06T21:57:22 BDT" duration-ms="22905">
    <groups>
    </groups>
    <test started-at="2022-03-06T21:57:00 BDT" name="Default test" finished-at="2022-03-06T21:57:22 BDT" duration-ms="22905">
      <class name="firstproject.googlepage">
        <test-method signature="muFirstTest()[pri:0, instance:firstproject.googlepage@44ebcd03]" started-at="2022-03-06T21:57:00 BDT" name="muFirstTest" finished-at="2022-03-06T21:57:22 BDT" duration-ms="22628" status="PASS">
          <reporter-output>
          </reporter-output>
        </test-method> <!-- muFirstTest -->
      </class> <!-- firstproject.googlepage -->
    </test> <!-- Default test -->
  </suite> <!-- Default suite -->
</testng-results>
